#
# There is insufficient memory for the Java Runtime Environment to continue.
# Native memory allocation (malloc) failed to allocate 882976 bytes for Chunk::new
# Possible reasons:
#   The system is out of physical RAM or swap space
#   In 32 bit mode, the process size limit was hit
# Possible solutions:
#   Reduce memory load on the system
#   Increase physical memory or swap space
#   Check if swap backing store is full
#   Use 64 bit Java on a 64 bit OS
#   Decrease Java heap size (-Xmx/-Xms)
#   Decrease number of Java threads
#   Decrease Java thread stack sizes (-Xss)
#   Set larger code cache with -XX:ReservedCodeCacheSize=
# This output file may be truncated or incomplete.
#
#  Out of Memory Error (allocation.cpp:390), pid=6016, tid=6084
#
# JRE version: Java(TM) SE Runtime Environment (8.0_60-b27) (build 1.8.0_60-b27)
# Java VM: Java HotSpot(TM) 64-Bit Server VM (25.60-b23 mixed mode windows-amd64 compressed oops)
# Failed to write core dump. Minidumps are not enabled by default on client versions of Windows
#

---------------  T H R E A D  ---------------

Current thread (0x0000000015c60000):  JavaThread "C2 CompilerThread0" daemon [_thread_in_native, id=6084, stack(0x0000000017600000,0x0000000017700000)]

Stack: [0x0000000017600000,0x0000000017700000]
[error occurred during error reporting (printing stack bounds), id 0xc0000005]

Native frames: (J=compiled Java code, j=interpreted, Vv=VM code, C=native code)


Current CompileTask:
C2:3128719 9458       4       java.lang.String::split (326 bytes)


---------------  P R O C E S S  ---------------

Java Threads: ( => current thread )
  0x000000001d3e2800 JavaThread "Stdin handler" [_thread_blocked, id=3764, stack(0x0000000024f40000,0x0000000025040000)]
  0x000000001d3df800 JavaThread "Daemon worker Thread 5" [_thread_in_vm, id=5296, stack(0x0000000024e40000,0x0000000024f40000)]
  0x000000001d3e1800 JavaThread "Cancel handler" [_thread_blocked, id=5368, stack(0x0000000024d40000,0x0000000024e40000)]
  0x000000001d3de800 JavaThread "Handler for socket connection from /127.0.0.1:54181 to /127.0.0.1:59282" [_thread_in_native, id=456, stack(0x0000000024c40000,0x0000000024d40000)]
  0x000000001d3e1000 JavaThread "Daemon Thread 5" [_thread_blocked, id=6380, stack(0x0000000024b40000,0x0000000024c40000)]
  0x000000001a6c8800 JavaThread "File lock request listener" [_thread_in_native, id=5032, stack(0x000000001a480000,0x000000001a580000)]
  0x0000000018614800 JavaThread "Incoming local TCP Connector on port 54181" [_thread_in_native, id=3788, stack(0x0000000019370000,0x0000000019470000)]
  0x0000000017298800 JavaThread "Service Thread" daemon [_thread_blocked, id=6500, stack(0x0000000017900000,0x0000000017a00000)]
  0x000000001722b000 JavaThread "C1 CompilerThread2" daemon [_thread_blocked, id=7780, stack(0x0000000017800000,0x0000000017900000)]
  0x0000000017208000 JavaThread "C2 CompilerThread1" daemon [_thread_in_native, id=2676, stack(0x0000000017700000,0x0000000017800000)]
=>0x0000000015c60000 JavaThread "C2 CompilerThread0" daemon [_thread_in_native, id=6084, stack(0x0000000017600000,0x0000000017700000)]
  0x0000000015c5e000 JavaThread "Attach Listener" daemon [_thread_blocked, id=8028, stack(0x0000000017100000,0x0000000017200000)]
  0x0000000015c5d800 JavaThread "Signal Dispatcher" daemon [_thread_blocked, id=1348, stack(0x0000000017000000,0x0000000017100000)]
  0x0000000003577800 JavaThread "Finalizer" daemon [_thread_blocked, id=7596, stack(0x0000000016ea0000,0x0000000016fa0000)]
  0x000000000356f800 JavaThread "Reference Handler" daemon [_thread_blocked, id=7696, stack(0x0000000016da0000,0x0000000016ea0000)]
  0x000000000301e800 JavaThread "main" [_thread_blocked, id=3480, stack(0x0000000003380000,0x0000000003480000)]

Other Threads:
  0x0000000015c17000 VMThread [stack: 0x0000000016ca0000,0x0000000016da0000] [id=5636]
  0x00000000172b6800 WatcherThread [stack: 0x0000000017a00000,0x0000000017b00000] [id=4092]

VM state:not at safepoint (normal execution)

VM Mutex/Monitor currently owned by a thread: None

Heap:
 PSYoungGen      total 165888K, used 44045K [0x00000000eab00000, 0x00000000f7380000, 0x0000000100000000)
  eden space 163328K, 26% used [0x00000000eab00000,0x00000000ed6036f8,0x00000000f4a80000)
  from space 2560K, 0% used [0x00000000f4a80000,0x00000000f4a80000,0x00000000f4d00000)
  to   space 20992K, 0% used [0x00000000f5f00000,0x00000000f5f00000,0x00000000f7380000)
 ParOldGen       total 68096K, used 48709K [0x00000000c0000000, 0x00000000c4280000, 0x00000000eab00000)
  object space 68096K, 71% used [0x00000000c0000000,0x00000000c2f91568,0x00000000c4280000)
 Metaspace       used 55633K, capacity 58508K, committed 59264K, reserved 1099776K
  class space    used 7500K, capacity 8452K, committed 8576K, reserved 1048576K

Card table byte_map: [0x0000000012940000,0x0000000012b50000] byte_map_base: 0x0000000012340000

Marking Bits: (ParMarkBitMap*) 0x000000006c8fa5b0
 Begin Bits: [0x00000000130b0000, 0x00000000140b0000)
 End Bits:   [0x00000000140b0000, 0x00000000150b0000)

Polling page: 0x0000000002f90000

CodeCache: size=245760Kb used=28114Kb max_used=28114Kb free=217645Kb
 bounds [0x0000000003580000, 0x0000000005130000, 0x0000000012580000]
 total_blobs=8420 nmethods=7706 adapters=625
 compilation: enabled

Compilation events (10 events):
Event: 3127.320 Thread 0x000000001722b000 9460       3       com.google.common.collect.Lists::newArrayListWithExpectedSize (12 bytes)
Event: 3127.321 Thread 0x000000001722b000 nmethod 9460 0x00000000042c6410 code [0x00000000042c65a0, 0x00000000042c6958]
Event: 3127.324 Thread 0x000000001722b000 9461       3       com.google.common.collect.Sets$ImprovedAbstractSet::<init> (5 bytes)
Event: 3127.325 Thread 0x000000001722b000 nmethod 9461 0x0000000004f4d2d0 code [0x0000000004f4d440, 0x0000000004f4d6b0]
Event: 3127.326 Thread 0x000000001722b000 9462       3       com.google.common.collect.Maps$ImprovedAbstractMap::entrySet (23 bytes)
Event: 3127.327 Thread 0x000000001722b000 nmethod 9462 0x0000000004374f50 code [0x00000000043750c0, 0x0000000004375368]
Event: 3127.330 Thread 0x000000001722b000 9463       3       org.gradle.api.internal.artifacts.configurations.DefaultConfigurationContainer::getByName (6 bytes)
Event: 3127.334 Thread 0x000000001722b000 nmethod 9463 0x0000000005111510 code [0x00000000051117a0, 0x0000000005112ba8]
Event: 3127.342 Thread 0x000000001722b000 9465       3       java.lang.Integer::toString (48 bytes)
Event: 3127.344 Thread 0x000000001722b000 nmethod 9465 0x000000000466b4d0 code [0x000000000466b6a0, 0x000000000466bce8]

GC Heap History (10 events):
Event: 2144.428 GC heap before
{Heap before GC invocations=28 (full 3):
 PSYoungGen      total 160256K, used 153308K [0x00000000eab00000, 0x00000000f5d80000, 0x0000000100000000)
  eden space 145920K, 100% used [0x00000000eab00000,0x00000000f3980000,0x00000000f3980000)
  from space 14336K, 51% used [0x00000000f4f80000,0x00000000f56b7240,0x00000000f5d80000)
  to   space 18432K, 0% used [0x00000000f3980000,0x00000000f3980000,0x00000000f4b80000)
 ParOldGen       total 68096K, used 45569K [0x00000000c0000000, 0x00000000c4280000, 0x00000000eab00000)
  object space 68096K, 66% used [0x00000000c0000000,0x00000000c2c80418,0x00000000c4280000)
 Metaspace       used 54780K, capacity 57592K, committed 57728K, reserved 1097728K
  class space    used 7531K, capacity 8504K, committed 8576K, reserved 1048576K
Event: 2144.498 GC heap after
Heap after GC invocations=28 (full 3):
 PSYoungGen      total 164352K, used 18406K [0x00000000eab00000, 0x00000000f7580000, 0x0000000100000000)
  eden space 145920K, 0% used [0x00000000eab00000,0x00000000eab00000,0x00000000f3980000)
  from space 18432K, 99% used [0x00000000f3980000,0x00000000f4b79840,0x00000000f4b80000)
  to   space 22016K, 0% used [0x00000000f6000000,0x00000000f6000000,0x00000000f7580000)
 ParOldGen       total 68096K, used 47098K [0x00000000c0000000, 0x00000000c4280000, 0x00000000eab00000)
  object space 68096K, 69% used [0x00000000c0000000,0x00000000c2dfe960,0x00000000c4280000)
 Metaspace       used 54780K, capacity 57592K, committed 57728K, reserved 1097728K
  class space    used 7531K, capacity 8504K, committed 8576K, reserved 1048576K
}
Event: 2151.330 GC heap before
{Heap before GC invocations=29 (full 3):
 PSYoungGen      total 164352K, used 39748K [0x00000000eab00000, 0x00000000f7580000, 0x0000000100000000)
  eden space 145920K, 14% used [0x00000000eab00000,0x00000000ebfd7a48,0x00000000f3980000)
  from space 18432K, 99% used [0x00000000f3980000,0x00000000f4b79840,0x00000000f4b80000)
  to   space 22016K, 0% used [0x00000000f6000000,0x00000000f6000000,0x00000000f7580000)
 ParOldGen       total 68096K, used 47098K [0x00000000c0000000, 0x00000000c4280000, 0x00000000eab00000)
  object space 68096K, 69% used [0x00000000c0000000,0x00000000c2dfe960,0x00000000c4280000)
 Metaspace       used 55670K, capacity 58564K, committed 58752K, reserved 1099776K
  class space    used 7602K, capacity 8570K, committed 8576K, reserved 1048576K
Event: 2151.348 GC heap after
Heap after GC invocations=29 (full 3):
 PSYoungGen      total 184320K, used 9971K [0x00000000eab00000, 0x00000000f7480000, 0x0000000100000000)
  eden space 163328K, 0% used [0x00000000eab00000,0x00000000eab00000,0x00000000f4a80000)
  from space 20992K, 47% used [0x00000000f6000000,0x00000000f69bcfc8,0x00000000f7480000)
  to   space 21504K, 0% used [0x00000000f4a80000,0x00000000f4a80000,0x00000000f5f80000)
 ParOldGen       total 68096K, used 47106K [0x00000000c0000000, 0x00000000c4280000, 0x00000000eab00000)
  object space 68096K, 69% used [0x00000000c0000000,0x00000000c2e00960,0x00000000c4280000)
 Metaspace       used 55670K, capacity 58564K, committed 58752K, reserved 1099776K
  class space    used 7602K, capacity 8570K, committed 8576K, reserved 1048576K
}
Event: 2151.348 GC heap before
{Heap before GC invocations=30 (full 4):
 PSYoungGen      total 184320K, used 9971K [0x00000000eab00000, 0x00000000f7480000, 0x0000000100000000)
  eden space 163328K, 0% used [0x00000000eab00000,0x00000000eab00000,0x00000000f4a80000)
  from space 20992K, 47% used [0x00000000f6000000,0x00000000f69bcfc8,0x00000000f7480000)
  to   space 21504K, 0% used [0x00000000f4a80000,0x00000000f4a80000,0x00000000f5f80000)
 ParOldGen       total 68096K, used 47106K [0x00000000c0000000, 0x00000000c4280000, 0x00000000eab00000)
  object space 68096K, 69% used [0x00000000c0000000,0x00000000c2e00960,0x00000000c4280000)
 Metaspace       used 55670K, capacity 58564K, committed 58752K, reserved 1099776K
  class space    used 7602K, capacity 8570K, committed 8576K, reserved 1048576K
Event: 2151.777 GC heap after
Heap after GC invocations=30 (full 4):
 PSYoungGen      total 184320K, used 0K [0x00000000eab00000, 0x00000000f7480000, 0x0000000100000000)
  eden space 163328K, 0% used [0x00000000eab00000,0x00000000eab00000,0x00000000f4a80000)
  from space 20992K, 0% used [0x00000000f6000000,0x00000000f6000000,0x00000000f7480000)
  to   space 21504K, 0% used [0x00000000f4a80000,0x00000000f4a80000,0x00000000f5f80000)
 ParOldGen       total 68096K, used 47019K [0x00000000c0000000, 0x00000000c4280000, 0x00000000eab00000)
  object space 68096K, 69% used [0x00000000c0000000,0x00000000c2deada0,0x00000000c4280000)
 Metaspace       used 54849K, capacity 57338K, committed 58752K, reserved 1099776K
  class space    used 7434K, capacity 8276K, committed 8576K, reserved 1048576K
}
Event: 2286.732 GC heap before
{Heap before GC invocations=31 (full 4):
 PSYoungGen      total 184320K, used 161820K [0x00000000eab00000, 0x00000000f7480000, 0x0000000100000000)
  eden space 163328K, 99% used [0x00000000eab00000,0x00000000f4907118,0x00000000f4a80000)
  from space 20992K, 0% used [0x00000000f6000000,0x00000000f6000000,0x00000000f7480000)
  to   space 21504K, 0% used [0x00000000f4a80000,0x00000000f4a80000,0x00000000f5f80000)
 ParOldGen       total 68096K, used 47019K [0x00000000c0000000, 0x00000000c4280000, 0x00000000eab00000)
  object space 68096K, 69% used [0x00000000c0000000,0x00000000c2deada0,0x00000000c4280000)
 Metaspace       used 55490K, capacity 58254K, committed 59008K, reserved 1099776K
  class space    used 7490K, capacity 8416K, committed 8576K, reserved 1048576K
Event: 2286.740 GC heap after
Heap after GC invocations=31 (full 4):
 PSYoungGen      total 165888K, used 2080K [0x00000000eab00000, 0x00000000f7380000, 0x0000000100000000)
  eden space 163328K, 0% used [0x00000000eab00000,0x00000000eab00000,0x00000000f4a80000)
  from space 2560K, 81% used [0x00000000f4a80000,0x00000000f4c88020,0x00000000f4d00000)
  to   space 20992K, 0% used [0x00000000f5f00000,0x00000000f5f00000,0x00000000f7380000)
 ParOldGen       total 68096K, used 47027K [0x00000000c0000000, 0x00000000c4280000, 0x00000000eab00000)
  object space 68096K, 69% used [0x00000000c0000000,0x00000000c2decda0,0x00000000c4280000)
 Metaspace       used 55490K, capacity 58254K, committed 59008K, reserved 1099776K
  class space    used 7490K, capacity 8416K, committed 8576K, reserved 1048576K
}
Event: 2286.740 GC heap before
{Heap before GC invocations=32 (full 5):
 PSYoungGen      total 165888K, used 2080K [0x00000000eab00000, 0x00000000f7380000, 0x0000000100000000)
  eden space 163328K, 0% used [0x00000000eab00000,0x00000000eab00000,0x00000000f4a80000)
  from space 2560K, 81% used [0x00000000f4a80000,0x00000000f4c88020,0x00000000f4d00000)
  to   space 20992K, 0% used [0x00000000f5f00000,0x00000000f5f00000,0x00000000f7380000)
 ParOldGen       total 68096K, used 47027K [0x00000000c0000000, 0x00000000c4280000, 0x00000000eab00000)
  object space 68096K, 69% used [0x00000000c0000000,0x00000000c2decda0,0x00000000c4280000)
 Metaspace       used 55490K, capacity 58254K, committed 59008K, reserved 1099776K
  class space    used 7490K, capacity 8416K, committed 8576K, reserved 1048576K
Event: 2287.299 GC heap after
Heap after GC invocations=32 (full 5):
 PSYoungGen      total 165888K, used 0K [0x00000000eab00000, 0x00000000f7380000, 0x0000000100000000)
  eden space 163328K, 0% used [0x00000000eab00000,0x00000000eab00000,0x00000000f4a80000)
  from space 2560K, 0% used [0x00000000f4a80000,0x00000000f4a80000,0x00000000f4d00000)
  to   space 20992K, 0% used [0x00000000f5f00000,0x00000000f5f00000,0x00000000f7380000)
 ParOldGen       total 68096K, used 48709K [0x00000000c0000000, 0x00000000c4280000, 0x00000000eab00000)
  object space 68096K, 71% used [0x00000000c0000000,0x00000000c2f91568,0x00000000c4280000)
 Metaspace       used 55490K, capacity 58254K, committed 59008K, reserved 1099776K
  class space    used 7490K, capacity 8416K, committed 8576K, reserved 1048576K
}

Deoptimization events (10 events):
Event: 2151.792 Thread 0x000000001d3e2800 Uncommon trap: reason=null_check action=make_not_entrant pc=0x0000000004871508 method=java.lang.Class.reflectionData()Ljava/lang/Class$ReflectionData; @ 24
Event: 2151.793 Thread 0x000000001d3e2800 Uncommon trap: reason=null_check action=make_not_entrant pc=0x0000000003b4af40 method=java.lang.Class.reflectionData()Ljava/lang/Class$ReflectionData; @ 24
Event: 2151.793 Thread 0x000000001d3e2800 Uncommon trap: reason=null_check action=make_not_entrant pc=0x00000000036e2e20 method=java.lang.Class.reflectionData()Ljava/lang/Class$ReflectionData; @ 24
Event: 2221.600 Thread 0x000000001d3e3000 Uncommon trap: reason=null_check action=make_not_entrant pc=0x00000000036b07dc method=java.lang.Class.isEnum()Z @ 1
Event: 2221.624 Thread 0x000000001d3e3000 Uncommon trap: reason=class_check action=maybe_recompile pc=0x0000000004bbd4d0 method=com.google.common.collect.AbstractMapBasedMultimap$WrappedCollection$WrappedIterator.next()Ljava/lang/Object; @ 8
Event: 2221.624 Thread 0x000000001d3e3000 Uncommon trap: reason=class_check action=maybe_recompile pc=0x0000000004bbd4d0 method=com.google.common.collect.AbstractMapBasedMultimap$WrappedCollection$WrappedIterator.next()Ljava/lang/Object; @ 8
Event: 2221.624 Thread 0x000000001d3e3000 Uncommon trap: reason=class_check action=maybe_recompile pc=0x0000000004bbd4d0 method=com.google.common.collect.AbstractMapBasedMultimap$WrappedCollection$WrappedIterator.next()Ljava/lang/Object; @ 8
Event: 2221.624 Thread 0x000000001d3e3000 Uncommon trap: reason=class_check action=maybe_recompile pc=0x0000000004bbd4d0 method=com.google.common.collect.AbstractMapBasedMultimap$WrappedCollection$WrappedIterator.next()Ljava/lang/Object; @ 8
Event: 2221.653 Thread 0x000000001d3e3000 Uncommon trap: reason=null_check action=make_not_entrant pc=0x000000000429e01c method=org.codehaus.groovy.runtime.typehandling.DefaultTypeTransformation.castToType(Ljava/lang/Object;Ljava/lang/Class;)Ljava/lang/Object; @ 65
Event: 3126.454 Thread 0x000000001d3df800 Uncommon trap: reason=null_check action=make_not_entrant pc=0x0000000004f6c888 method=java.util.jar.JarFile.getManifestFromReference()Ljava/util/jar/Manifest; @ 14

Internal exceptions (10 events):
Event: 2151.795 Thread 0x000000001d3e2800 Exception <a 'java/lang/NoSuchMethodError': <clinit>> (0x00000000eabdb140) thrown at [C:\re\workspace\8-2-build-windows-amd64-cygwin\jdk8u60\4407\hotspot\src\share\vm\prims\jni.cpp, line 1591]
Event: 2151.796 Thread 0x000000001d3e2800 Exception <a 'java/lang/NoSuchMethodError': <clinit>> (0x00000000eac90b58) thrown at [C:\re\workspace\8-2-build-windows-amd64-cygwin\jdk8u60\4407\hotspot\src\share\vm\prims\jni.cpp, line 1591]
Event: 2151.804 Thread 0x000000001d3e1000 Exception <a 'java/lang/NoSuchMethodError': <clinit>> (0x00000000eacd4b30) thrown at [C:\re\workspace\8-2-build-windows-amd64-cygwin\jdk8u60\4407\hotspot\src\share\vm\prims\jni.cpp, line 1591]
Event: 2220.991 Thread 0x000000001d3e3000 Exception <a 'java/lang/ClassNotFoundException': asLocalRepo4_9hxcafx7tmhlqwnhjfsb2jnweBeanInfo> (0x00000000eb136098) thrown at [C:\re\workspace\8-2-build-windows-amd64-cygwin\jdk8u60\4407\hotspot\src\share\vm\classfile\systemDictionary.cpp, line 210]
Event: 2220.992 Thread 0x000000001d3e3000 Exception <a 'java/lang/ClassNotFoundException': asLocalRepo4_9hxcafx7tmhlqwnhjfsb2jnweCustomizer> (0x00000000eb13f6b0) thrown at [C:\re\workspace\8-2-build-windows-amd64-cygwin\jdk8u60\4407\hotspot\src\share\vm\classfile\systemDictionary.cpp, line 210]
Event: 2284.806 Thread 0x000000001d3e3000 Exception <a 'java/lang/ClassNotFoundException': asLocalRepo5_4ymdygh46rsw1mdjzzm6wz3y5BeanInfo> (0x00000000efe8e690) thrown at [C:\re\workspace\8-2-build-windows-amd64-cygwin\jdk8u60\4407\hotspot\src\share\vm\classfile\systemDictionary.cpp, line 210]
Event: 2284.807 Thread 0x000000001d3e3000 Exception <a 'java/lang/ClassNotFoundException': asLocalRepo5_4ymdygh46rsw1mdjzzm6wz3y5Customizer> (0x00000000efe97ca8) thrown at [C:\re\workspace\8-2-build-windows-amd64-cygwin\jdk8u60\4407\hotspot\src\share\vm\classfile\systemDictionary.cpp, line 210]
Event: 3125.179 Thread 0x000000001d3df800 Exception <a 'java/lang/ClassNotFoundException': asLocalRepo6_9cx7e4m0naxj9w801p6toe99gBeanInfo> (0x00000000eafe5ca8) thrown at [C:\re\workspace\8-2-build-windows-amd64-cygwin\jdk8u60\4407\hotspot\src\share\vm\classfile\systemDictionary.cpp, line 210]
Event: 3125.180 Thread 0x000000001d3df800 Exception <a 'java/lang/ClassNotFoundException': asLocalRepo6_9cx7e4m0naxj9w801p6toe99gCustomizer> (0x00000000eafef2c0) thrown at [C:\re\workspace\8-2-build-windows-amd64-cygwin\jdk8u60\4407\hotspot\src\share\vm\classfile\systemDictionary.cpp, line 210]
Event: 3126.454 Thread 0x000000001d3df800 Implicit null exception at 0x0000000004f654bc to 0x0000000004f6c859

Events (10 events):
Event: 3126.493 Thread 0x000000001722b000 flushing nmethod 0x00000000047c7450
Event: 3126.493 Thread 0x000000001722b000 flushing nmethod 0x00000000047c87d0
Event: 3126.493 Thread 0x000000001722b000 flushing nmethod 0x00000000047ca050
Event: 3126.493 Thread 0x000000001722b000 flushing nmethod 0x00000000047ca650
Event: 3126.503 Thread 0x000000001722b000 flushing nmethod 0x00000000049b4050
Event: 3126.504 Thread 0x000000001722b000 flushing nmethod 0x00000000049dcf10
Event: 3126.504 Thread 0x000000001722b000 flushing nmethod 0x0000000004a1fdd0
Event: 3126.509 Thread 0x000000001722b000 flushing nmethod 0x0000000004c02910
Event: 3126.516 Thread 0x000000001722b000 flushing nmethod 0x0000000004f4cf10
Event: 3126.516 Thread 0x000000001722b000 flushing nmethod 0x0000000004f52050


Dynamic libraries:
0x00007ff7baa60000 - 0x00007ff7baa97000 	C:\Program Files\Java\jdk1.8.0_60\bin\java.exe
0x00007ffa1c1e0000 - 0x00007ffa1c3b1000 	C:\WINDOWS\SYSTEM32\ntdll.dll
0x00007ffa1b650000 - 0x00007ffa1b6fb000 	C:\WINDOWS\System32\KERNEL32.DLL
0x00007ffa193c0000 - 0x00007ffa195dd000 	C:\WINDOWS\System32\KERNELBASE.dll
0x00007ffa1bb50000 - 0x00007ffa1bbf2000 	C:\WINDOWS\System32\ADVAPI32.dll
0x00007ffa19b80000 - 0x00007ffa19c1e000 	C:\WINDOWS\System32\msvcrt.dll
0x00007ffa199c0000 - 0x00007ffa19a19000 	C:\WINDOWS\System32\sechost.dll
0x00007ffa1b520000 - 0x00007ffa1b641000 	C:\WINDOWS\System32\RPCRT4.dll
0x00007ffa19850000 - 0x00007ffa199b5000 	C:\WINDOWS\System32\USER32.dll
0x00007ffa19010000 - 0x00007ffa1902e000 	C:\WINDOWS\System32\win32u.dll
0x00007ffa19c20000 - 0x00007ffa19c54000 	C:\WINDOWS\System32\GDI32.dll
0x00007ffa19030000 - 0x00007ffa191b2000 	C:\WINDOWS\System32\gdi32full.dll
0x00007ffa14720000 - 0x00007ffa14999000 	C:\WINDOWS\WinSxS\amd64_microsoft.windows.common-controls_6595b64144ccf1df_6.0.14393.447_none_42191651c6827bb3\COMCTL32.dll
0x00007ffa1be10000 - 0x00007ffa1c0d8000 	C:\WINDOWS\System32\combase.dll
0x00007ffa191c0000 - 0x00007ffa192b5000 	C:\WINDOWS\System32\ucrtbase.dll
0x00007ffa195e0000 - 0x00007ffa1964a000 	C:\WINDOWS\System32\bcryptPrimitives.dll
0x00007ffa19750000 - 0x00007ffa1977e000 	C:\WINDOWS\System32\IMM32.DLL
0x00007ffa17510000 - 0x00007ffa17541000 	C:\Windows\system32\nvinitx.dll
0x00007ffa17500000 - 0x00007ffa1750a000 	C:\WINDOWS\SYSTEM32\VERSION.dll
0x000000006bff0000 - 0x000000006c0c2000 	C:\Program Files\Java\jdk1.8.0_60\jre\bin\msvcr100.dll
0x000000006c0f0000 - 0x000000006c979000 	C:\Program Files\Java\jdk1.8.0_60\jre\bin\server\jvm.dll
0x00007ffa1b510000 - 0x00007ffa1b518000 	C:\WINDOWS\System32\PSAPI.DLL
0x00007ffa0a830000 - 0x00007ffa0a839000 	C:\WINDOWS\SYSTEM32\WSOCK32.dll
0x00007ffa1bc00000 - 0x00007ffa1bc6a000 	C:\WINDOWS\System32\WS2_32.dll
0x00007ffa16a90000 - 0x00007ffa16ab3000 	C:\WINDOWS\SYSTEM32\WINMM.dll
0x00007ffa16a60000 - 0x00007ffa16a8b000 	C:\WINDOWS\SYSTEM32\WINMMBASE.dll
0x00007ffa19650000 - 0x00007ffa19692000 	C:\WINDOWS\System32\cfgmgr32.dll
0x000000006cce0000 - 0x000000006ccef000 	C:\Program Files\Java\jdk1.8.0_60\jre\bin\verify.dll
0x000000006ccb0000 - 0x000000006ccd9000 	C:\Program Files\Java\jdk1.8.0_60\jre\bin\java.dll
0x000000006cc90000 - 0x000000006cca6000 	C:\Program Files\Java\jdk1.8.0_60\jre\bin\zip.dll
0x00007ffa19e80000 - 0x00007ffa1b389000 	C:\WINDOWS\System32\SHELL32.dll
0x00007ffa186b0000 - 0x00007ffa18d8a000 	C:\WINDOWS\System32\windows.storage.dll
0x00007ffa18650000 - 0x00007ffa1869c000 	C:\WINDOWS\System32\powrprof.dll
0x00007ffa19e20000 - 0x00007ffa19e72000 	C:\WINDOWS\System32\shlwapi.dll
0x00007ffa18640000 - 0x00007ffa1864f000 	C:\WINDOWS\System32\kernel.appcore.dll
0x00007ffa196a0000 - 0x00007ffa19749000 	C:\WINDOWS\System32\shcore.dll
0x00007ffa18620000 - 0x00007ffa18634000 	C:\WINDOWS\System32\profapi.dll
0x000000006cc70000 - 0x000000006cc8a000 	C:\Program Files\Java\jdk1.8.0_60\jre\bin\net.dll
0x00007ffa17f50000 - 0x00007ffa17fac000 	C:\WINDOWS\system32\mswsock.dll
0x000000006c0d0000 - 0x000000006c0e1000 	C:\Program Files\Java\jdk1.8.0_60\jre\bin\nio.dll
0x00007ffa149b0000 - 0x00007ffa149c2000 	C:\Users\ASUS\.gradle\native\19\windows-amd64\native-platform.dll
0x00007ffa17ce0000 - 0x00007ffa17d18000 	C:\WINDOWS\SYSTEM32\IPHLPAPI.DLL
0x00007ffa1b500000 - 0x00007ffa1b508000 	C:\WINDOWS\System32\NSI.dll
0x00007ffa0e030000 - 0x00007ffa0e046000 	C:\WINDOWS\SYSTEM32\dhcpcsvc6.DLL
0x00007ffa0e010000 - 0x00007ffa0e02a000 	C:\WINDOWS\SYSTEM32\dhcpcsvc.DLL
0x00007ffa180f0000 - 0x00007ffa18107000 	C:\WINDOWS\SYSTEM32\CRYPTSP.dll
0x00007ffa17b60000 - 0x00007ffa17b93000 	C:\WINDOWS\system32\rsaenh.dll
0x00007ffa18200000 - 0x00007ffa1822b000 	C:\WINDOWS\SYSTEM32\bcrypt.dll
0x00007ffa17dd0000 - 0x00007ffa17def000 	C:\WINDOWS\SYSTEM32\USERENV.dll
0x00007ffa18110000 - 0x00007ffa1811b000 	C:\WINDOWS\SYSTEM32\CRYPTBASE.dll
0x000000006cef0000 - 0x000000006cefd000 	C:\Program Files\Java\jdk1.8.0_60\jre\bin\management.dll
0x00007ffa16b90000 - 0x00007ffa16c0a000 	C:\WINDOWS\system32\apphelp.dll

VM Arguments:
jvm_args: -XX:MaxPermSize=256m -XX:+HeapDumpOnOutOfMemoryError -Xmx1024m -Dfile.encoding=GBK -Duser.country=CN -Duser.language=zh -Duser.variant 
java_command: org.gradle.launcher.daemon.bootstrap.GradleDaemon 2.4 C:\Users\ASUS\.gradle C:\Users\ASUS\.gradle\daemon 10800000 8c2a2801-f769-43b3-8c4f-03303aec00b7 -XX:MaxPermSize=256m -XX:+HeapDumpOnOutOfMemoryError -Xmx1024m -Dfile.encoding=GBK -Duser.country=CN -Duser.language=zh -Duser.variant
java_class_path (initial): D:\android\android-studio\gradle\gradle-2.4\lib\gradle-launcher-2.4.jar
Launcher Type: SUN_STANDARD

Environment Variables:
JAVA_HOME=C:\Program Files\Java\jdk1.8.0_60
CLASSPATH=.;C:\Program Files\Java\jdk1.8.0_60\lib\tools.jar;C:\Program Files\Java\jdk1.8.0_60\lib\dt.jar;C:\Program Files\Java\jdk1.8.0_60\bin;
PATH=%JAVA_HOME%\bin;%JAVA_HOME%\jre\bin;C:\ProgramData\Oracle\Java\javapath;C:\WINDOWS\system32;C:\WINDOWS;C:\WINDOWS\System32\Wbem;C:\WINDOWS\System32\WindowsPowerShell\v1.0\;C:\Program Files (x86)\Microsoft SQL Server\100\Tools\Binn\;C:\Program Files\Microsoft SQL Server\100\Tools\Binn\;C:\Program Files\Microsoft SQL Server\100\DTS\Binn\;C:\Program Files\Microsoft SQL Server\110\Tools\Binn\;D:\Program Files (x86)\ArcGIS\ArcSDE\sqlexe\bin;C:\Program Files (x86)\Windows Kits\8.1\Windows Performance Toolkit\;C:\Program Files (x86)\Microsoft SDKs\TypeScript\1.0\;C:\Program Files (x86)\Microsoft SQL Server\100\Tools\Binn\VSShell\Common7\IDE\;C:\Program Files (x86)\Microsoft SQL Server\100\DTS\Binn\;E:\Project\OceanSys\2016\code\NetCDF.Win32.for.CVF.IVF\bin;C:\Python27;C:\Python27\Scripts;d:\Program Files (x86)\Anaconda3_2;d:\Program Files (x86)\Anaconda3\Scripts_2;d:\Program Files (x86)\Anaconda3\Library\bin_2;C:\WINDOWS\system32\config\systemprofile\.dnx\bin;C:\Program Files\Microsoft DNX\Dnvm\;C:\Users\ASUS\AppData\Local\Microsoft\WindowsApps;
USERNAME=ASUS
OS=Windows_NT
PROCESSOR_IDENTIFIER=Intel64 Family 6 Model 69 Stepping 1, GenuineIntel



---------------  S Y S T E M  ---------------

OS: Windows 10.0 , 64 bit Build 14393 (10.0.14393.0)

CPU:total 4 (2 cores per cpu, 2 threads per core) family 6 model 69 stepping 1, cmov, cx8, fxsr, mmx, sse, sse2, sse3, ssse3, sse4.1, sse4.2, popcnt, avx, avx2, aes, clmul, erms, lzcnt, ht, tsc, tscinvbit, bmi1, bmi2

Memory: 4k page, physical 4074900k(269724k free), swap 4074900k(5880k free)

vm_info: Java HotSpot(TM) 64-Bit Server VM (25.60-b23) for windows-amd64 JRE (1.8.0_60-b27), built on Aug  4 2015 11:06:27 by "java_re" with MS VC++ 10.0 (VS2010)

time: Fri Jan 20 19:45:44 2017
elapsed time: 3127 seconds (0d 0h 52m 7s)

