#
# There is insufficient memory for the Java Runtime Environment to continue.
# Native memory allocation (malloc) failed to allocate 1487456 bytes for Chunk::new
# Possible reasons:
#   The system is out of physical RAM or swap space
#   In 32 bit mode, the process size limit was hit
# Possible solutions:
#   Reduce memory load on the system
#   Increase physical memory or swap space
#   Check if swap backing store is full
#   Use 64 bit Java on a 64 bit OS
#   Decrease Java heap size (-Xmx/-Xms)
#   Decrease number of Java threads
#   Decrease Java thread stack sizes (-Xss)
#   Set larger code cache with -XX:ReservedCodeCacheSize=
# This output file may be truncated or incomplete.
#
#  Out of Memory Error (allocation.cpp:390), pid=5000, tid=6628
#
# JRE version: Java(TM) SE Runtime Environment (8.0_60-b27) (build 1.8.0_60-b27)
# Java VM: Java HotSpot(TM) 64-Bit Server VM (25.60-b23 mixed mode windows-amd64 compressed oops)
# Failed to write core dump. Minidumps are not enabled by default on client versions of Windows
#

---------------  T H R E A D  ---------------

Current thread (0x00000000152cb800):  JavaThread "C2 CompilerThread0" daemon [_thread_in_native, id=6628, stack(0x0000000016820000,0x0000000016920000)]

Stack: [0x0000000016820000,0x0000000016920000]
[error occurred during error reporting (printing stack bounds), id 0xc0000005]

Native frames: (J=compiled Java code, j=interpreted, Vv=VM code, C=native code)


Current CompileTask:
C2:  14163 1826   !   4       com.android.dx.cf.code.Ropper::processBlock (1101 bytes)


---------------  P R O C E S S  ---------------

Java Threads: ( => current thread )
  0x0000000016981800 JavaThread "Service Thread" daemon [_thread_blocked, id=7672, stack(0x0000000016f20000,0x0000000017020000)]
  0x000000001697a000 JavaThread "C1 CompilerThread2" daemon [_thread_blocked, id=6456, stack(0x0000000016e20000,0x0000000016f20000)]
  0x0000000016920800 JavaThread "C2 CompilerThread1" daemon [_thread_in_native, id=5740, stack(0x0000000016d20000,0x0000000016e20000)]
=>0x00000000152cb800 JavaThread "C2 CompilerThread0" daemon [_thread_in_native, id=6628, stack(0x0000000016820000,0x0000000016920000)]
  0x00000000152ca000 JavaThread "Attach Listener" daemon [_thread_blocked, id=6624, stack(0x0000000016720000,0x0000000016820000)]
  0x000000001527f000 JavaThread "Signal Dispatcher" daemon [_thread_blocked, id=6024, stack(0x0000000016620000,0x0000000016720000)]
  0x0000000002b91000 JavaThread "Finalizer" daemon [_thread_blocked, id=5468, stack(0x00000000164c0000,0x00000000165c0000)]
  0x0000000002b8e800 JavaThread "Reference Handler" daemon [_thread_blocked, id=6164, stack(0x00000000163c0000,0x00000000164c0000)]
  0x0000000002a9d800 JavaThread "main" [_thread_in_Java, id=6968, stack(0x0000000002940000,0x0000000002a40000)]

Other Threads:
  0x0000000015237000 VMThread [stack: 0x00000000162c0000,0x00000000163c0000] [id=7112]
  0x00000000169cd800 WatcherThread [stack: 0x0000000017020000,0x0000000017120000] [id=8092]

VM state:not at safepoint (normal execution)

VM Mutex/Monitor currently owned by a thread: None

Heap:
 PSYoungGen      total 68096K, used 40550K [0x00000000eab00000, 0x00000000ef000000, 0x0000000100000000)
  eden space 65536K, 58% used [0x00000000eab00000,0x00000000ed021a18,0x00000000eeb00000)
  from space 2560K, 98% used [0x00000000eed80000,0x00000000eeff8018,0x00000000ef000000)
  to   space 2560K, 0% used [0x00000000eeb00000,0x00000000eeb00000,0x00000000eed80000)
 ParOldGen       total 44032K, used 14700K [0x00000000c0000000, 0x00000000c2b00000, 0x00000000eab00000)
  object space 44032K, 33% used [0x00000000c0000000,0x00000000c0e5b330,0x00000000c2b00000)
 Metaspace       used 6061K, capacity 7088K, committed 7296K, reserved 1056768K
  class space    used 590K, capacity 616K, committed 640K, reserved 1048576K

Card table byte_map: [0x0000000011f60000,0x0000000012170000] byte_map_base: 0x0000000011960000

Marking Bits: (ParMarkBitMap*) 0x000000006c8fa5b0
 Begin Bits: [0x00000000126d0000, 0x00000000136d0000)
 End Bits:   [0x00000000136d0000, 0x00000000146d0000)

Polling page: 0x00000000025a0000

CodeCache: size=245760Kb used=9143Kb max_used=9143Kb free=236616Kb
 bounds [0x0000000002ba0000, 0x00000000034a0000, 0x0000000011ba0000]
 total_blobs=2098 nmethods=1831 adapters=180
 compilation: enabled

Compilation events (10 events):
Event: 14.101 Thread 0x000000001697a000 nmethod 1835 0x0000000003491f50 code [0x0000000003492160, 0x0000000003492c88]
Event: 14.101 Thread 0x0000000016920800 1836       4       com.android.dx.ssa.DeadCodeRemover$NoSideEffectVisitor::visitPhiInsn (22 bytes)
Event: 14.108 Thread 0x0000000016920800 nmethod 1836 0x000000000347e410 code [0x000000000347e560, 0x000000000347e8f8]
Event: 14.111 Thread 0x000000001697a000 1837       3       com.android.dx.rop.code.Insn$BaseVisitor::visitThrowingInsn (1 bytes)
Event: 14.111 Thread 0x000000001697a000 nmethod 1837 0x0000000003478310 code [0x0000000003478460, 0x00000000034785b0]
Event: 14.111 Thread 0x000000001697a000 1838       3       com.android.dx.dex.code.RopTranslator$LocalVariableAwareTranslationVisitor::visitThrowingInsn (11 bytes)
Event: 14.112 Thread 0x000000001697a000 nmethod 1838 0x0000000003494cd0 code [0x0000000003494ee0, 0x0000000003495a58]
Event: 14.112 Thread 0x000000001697a000 1839       3       com.android.dx.dex.code.RopTranslator$TranslationVisitor::visitThrowingInsn (118 bytes)
Event: 14.114 Thread 0x000000001697a000 nmethod 1839 0x0000000003496110 code [0x0000000003496420, 0x0000000003497d28]
Event: 14.117 Thread 0x0000000016920800 1840   !   4       com.android.dx.cf.code.BytecodeArray::parseInstruction (2764 bytes)

GC Heap History (8 events):
Event: 2.284 GC heap before
{Heap before GC invocations=1 (full 0):
 PSYoungGen      total 18944K, used 16384K [0x00000000eab00000, 0x00000000ec000000, 0x0000000100000000)
  eden space 16384K, 100% used [0x00000000eab00000,0x00000000ebb00000,0x00000000ebb00000)
  from space 2560K, 0% used [0x00000000ebd80000,0x00000000ebd80000,0x00000000ec000000)
  to   space 2560K, 0% used [0x00000000ebb00000,0x00000000ebb00000,0x00000000ebd80000)
 ParOldGen       total 44032K, used 0K [0x00000000c0000000, 0x00000000c2b00000, 0x00000000eab00000)
  object space 44032K, 0% used [0x00000000c0000000,0x00000000c0000000,0x00000000c2b00000)
 Metaspace       used 5580K, capacity 6768K, committed 7040K, reserved 1056768K
  class space    used 562K, capacity 616K, committed 640K, reserved 1048576K
Event: 2.310 GC heap after
Heap after GC invocations=1 (full 0):
 PSYoungGen      total 18944K, used 2543K [0x00000000eab00000, 0x00000000ed000000, 0x0000000100000000)
  eden space 16384K, 0% used [0x00000000eab00000,0x00000000eab00000,0x00000000ebb00000)
  from space 2560K, 99% used [0x00000000ebb00000,0x00000000ebd7bc88,0x00000000ebd80000)
  to   space 2560K, 0% used [0x00000000ecd80000,0x00000000ecd80000,0x00000000ed000000)
 ParOldGen       total 44032K, used 1884K [0x00000000c0000000, 0x00000000c2b00000, 0x00000000eab00000)
  object space 44032K, 4% used [0x00000000c0000000,0x00000000c01d70b8,0x00000000c2b00000)
 Metaspace       used 5580K, capacity 6768K, committed 7040K, reserved 1056768K
  class space    used 562K, capacity 616K, committed 640K, reserved 1048576K
}
Event: 3.471 GC heap before
{Heap before GC invocations=2 (full 0):
 PSYoungGen      total 18944K, used 18927K [0x00000000eab00000, 0x00000000ed000000, 0x0000000100000000)
  eden space 16384K, 100% used [0x00000000eab00000,0x00000000ebb00000,0x00000000ebb00000)
  from space 2560K, 99% used [0x00000000ebb00000,0x00000000ebd7bc88,0x00000000ebd80000)
  to   space 2560K, 0% used [0x00000000ecd80000,0x00000000ecd80000,0x00000000ed000000)
 ParOldGen       total 44032K, used 1884K [0x00000000c0000000, 0x00000000c2b00000, 0x00000000eab00000)
  object space 44032K, 4% used [0x00000000c0000000,0x00000000c01d70b8,0x00000000c2b00000)
 Metaspace       used 5777K, capacity 6960K, committed 7040K, reserved 1056768K
  class space    used 566K, capacity 616K, committed 640K, reserved 1048576K
Event: 3.485 GC heap after
Heap after GC invocations=2 (full 0):
 PSYoungGen      total 35328K, used 2555K [0x00000000eab00000, 0x00000000ed000000, 0x0000000100000000)
  eden space 32768K, 0% used [0x00000000eab00000,0x00000000eab00000,0x00000000ecb00000)
  from space 2560K, 99% used [0x00000000ecd80000,0x00000000ecffecf8,0x00000000ed000000)
  to   space 2560K, 0% used [0x00000000ecb00000,0x00000000ecb00000,0x00000000ecd80000)
 ParOldGen       total 44032K, used 4232K [0x00000000c0000000, 0x00000000c2b00000, 0x00000000eab00000)
  object space 44032K, 9% used [0x00000000c0000000,0x00000000c0422188,0x00000000c2b00000)
 Metaspace       used 5777K, capacity 6960K, committed 7040K, reserved 1056768K
  class space    used 566K, capacity 616K, committed 640K, reserved 1048576K
}
Event: 7.733 GC heap before
{Heap before GC invocations=3 (full 0):
 PSYoungGen      total 35328K, used 35323K [0x00000000eab00000, 0x00000000ed000000, 0x0000000100000000)
  eden space 32768K, 100% used [0x00000000eab00000,0x00000000ecb00000,0x00000000ecb00000)
  from space 2560K, 99% used [0x00000000ecd80000,0x00000000ecffecf8,0x00000000ed000000)
  to   space 2560K, 0% used [0x00000000ecb00000,0x00000000ecb00000,0x00000000ecd80000)
 ParOldGen       total 44032K, used 4232K [0x00000000c0000000, 0x00000000c2b00000, 0x00000000eab00000)
  object space 44032K, 9% used [0x00000000c0000000,0x00000000c0422188,0x00000000c2b00000)
 Metaspace       used 5914K, capacity 7088K, committed 7296K, reserved 1056768K
  class space    used 570K, capacity 616K, committed 640K, reserved 1048576K
Event: 7.894 GC heap after
Heap after GC invocations=3 (full 0):
 PSYoungGen      total 35328K, used 2534K [0x00000000eab00000, 0x00000000ef000000, 0x0000000100000000)
  eden space 32768K, 0% used [0x00000000eab00000,0x00000000eab00000,0x00000000ecb00000)
  from space 2560K, 98% used [0x00000000ecb00000,0x00000000ecd798e8,0x00000000ecd80000)
  to   space 2560K, 0% used [0x00000000eed80000,0x00000000eed80000,0x00000000ef000000)
 ParOldGen       total 44032K, used 9683K [0x00000000c0000000, 0x00000000c2b00000, 0x00000000eab00000)
  object space 44032K, 21% used [0x00000000c0000000,0x00000000c0974d08,0x00000000c2b00000)
 Metaspace       used 5914K, capacity 7088K, committed 7296K, reserved 1056768K
  class space    used 570K, capacity 616K, committed 640K, reserved 1048576K
}
Event: 10.962 GC heap before
{Heap before GC invocations=4 (full 0):
 PSYoungGen      total 35328K, used 35302K [0x00000000eab00000, 0x00000000ef000000, 0x0000000100000000)
  eden space 32768K, 100% used [0x00000000eab00000,0x00000000ecb00000,0x00000000ecb00000)
  from space 2560K, 98% used [0x00000000ecb00000,0x00000000ecd798e8,0x00000000ecd80000)
  to   space 2560K, 0% used [0x00000000eed80000,0x00000000eed80000,0x00000000ef000000)
 ParOldGen       total 44032K, used 9683K [0x00000000c0000000, 0x00000000c2b00000, 0x00000000eab00000)
  object space 44032K, 21% used [0x00000000c0000000,0x00000000c0974d08,0x00000000c2b00000)
 Metaspace       used 5935K, capacity 7088K, committed 7296K, reserved 1056768K
  class space    used 570K, capacity 616K, committed 640K, reserved 1048576K
Event: 11.127 GC heap after
Heap after GC invocations=4 (full 0):
 PSYoungGen      total 68096K, used 2528K [0x00000000eab00000, 0x00000000ef000000, 0x0000000100000000)
  eden space 65536K, 0% used [0x00000000eab00000,0x00000000eab00000,0x00000000eeb00000)
  from space 2560K, 98% used [0x00000000eed80000,0x00000000eeff8018,0x00000000ef000000)
  to   space 2560K, 0% used [0x00000000eeb00000,0x00000000eeb00000,0x00000000eed80000)
 ParOldGen       total 44032K, used 14700K [0x00000000c0000000, 0x00000000c2b00000, 0x00000000eab00000)
  object space 44032K, 33% used [0x00000000c0000000,0x00000000c0e5b330,0x00000000c2b00000)
 Metaspace       used 5935K, capacity 7088K, committed 7296K, reserved 1056768K
  class space    used 570K, capacity 616K, committed 640K, reserved 1048576K
}

Deoptimization events (10 events):
Event: 12.780 Thread 0x0000000002a9d800 Uncommon trap: reason=unstable_if action=reinterpret pc=0x000000000321f46c method=java.util.HashMap.resize()[Ljava/util/HashMap$Node; @ 206
Event: 12.919 Thread 0x0000000002a9d800 Uncommon trap: reason=bimorphic action=maybe_recompile pc=0x00000000032662ec method=com.android.dx.ssa.LiteralOpUpgrader.tryReplacingWithConstant(Lcom/android/dx/ssa/NormalSsaInsn;)Z @ 62
Event: 13.716 Thread 0x0000000002a9d800 Uncommon trap: reason=class_check action=maybe_recompile pc=0x00000000032eeb7c method=com.android.dx.cf.code.RopperMachine.run(Lcom/android/dx/cf/code/Frame;II)V @ 1024
Event: 13.737 Thread 0x0000000002a9d800 Uncommon trap: reason=class_check action=maybe_recompile pc=0x000000000333050c method=com.android.dx.ssa.SCCP.replaceConstants()V @ 182
Event: 13.756 Thread 0x0000000002a9d800 Uncommon trap: reason=class_check action=maybe_recompile pc=0x000000000333050c method=com.android.dx.ssa.SCCP.replaceConstants()V @ 182
Event: 13.850 Thread 0x0000000002a9d800 Uncommon trap: reason=unstable_if action=reinterpret pc=0x0000000003476868 method=java.util.HashMap.putVal(ILjava/lang/Object;Ljava/lang/Object;ZZ)Ljava/lang/Object; @ 206
Event: 14.116 Thread 0x0000000002a9d800 Uncommon trap: reason=bimorphic action=maybe_recompile pc=0x00000000032560b4 method=com.android.dx.cf.code.BytecodeArray.parseInstruction(ILcom/android/dx/cf/code/BytecodeArray$Visitor;)I @ 2484
Event: 14.116 Thread 0x0000000002a9d800 Uncommon trap: reason=bimorphic action=maybe_recompile pc=0x00000000032560b4 method=com.android.dx.cf.code.BytecodeArray.parseInstruction(ILcom/android/dx/cf/code/BytecodeArray$Visitor;)I @ 2484
Event: 14.116 Thread 0x0000000002a9d800 Uncommon trap: reason=bimorphic action=maybe_recompile pc=0x00000000032560b4 method=com.android.dx.cf.code.BytecodeArray.parseInstruction(ILcom/android/dx/cf/code/BytecodeArray$Visitor;)I @ 2484
Event: 14.116 Thread 0x0000000002a9d800 Uncommon trap: reason=bimorphic action=maybe_recompile pc=0x00000000032560b4 method=com.android.dx.cf.code.BytecodeArray.parseInstruction(ILcom/android/dx/cf/code/BytecodeArray$Visitor;)I @ 2484

Internal exceptions (6 events):
Event: 0.198 Thread 0x0000000002a9d800 Exception <a 'java/lang/NoSuchMethodError': Method sun.misc.Unsafe.defineClass(Ljava/lang/String;[BII)Ljava/lang/Class; name or signature does not match> (0x00000000eab13038) thrown at [C:\re\workspace\8-2-build-windows-amd64-cygwin\jdk8u60\4407\hotspot\srð\G8ekÉ?
Event: 0.199 Thread 0x0000000002a9d800 Exception <a 'java/lang/NoSuchMethodError': Method sun.misc.Unsafe.prefetchRead(Ljava/lang/Object;J)V name or signature does not match> (0x00000000eab13320) thrown at [C:\re\workspace\8-2-build-windows-amd64-cygwin\jdk8u60\4407\hotspot\src\share\vm\prims\jöÀõ†q@
Event: 4.752 Thread 0x0000000002a9d800 Implicit null exception at 0x000000000318fd30 to 0x00000000031924ed
Event: 12.481 Thread 0x0000000002a9d800 Exception <a 'java/lang/ArrayIndexOutOfBoundsException': 18> (0x00000000eb5262b0) thrown at [C:\re\workspace\8-2-build-windows-amd64-cygwin\jdk8u60\4407\hotspot\src\share\vm\interpreter\interpreterRuntime.cpp, line 366]
Event: 12.482 Thread 0x0000000002a9d800 Exception <a 'java/lang/ArrayIndexOutOfBoundsException'> (0x00000000eb527e30) thrown at [C:\re\workspace\8-2-build-windows-amd64-cygwin\jdk8u60\4407\hotspot\src\share\vm\runtime\sharedRuntime.cpp, line 605]
Event: 12.483 Thread 0x0000000002a9d800 Exception <a 'java/lang/ArrayIndexOutOfBoundsException'> (0x00000000eb529118) thrown at [C:\re\workspace\8-2-build-windows-amd64-cygwin\jdk8u60\4407\hotspot\src\share\vm\runtime\sharedRuntime.cpp, line 605]

Events (10 events):
Event: 14.116 Thread 0x0000000002a9d800 DEOPT UNPACKING pc=0x0000000002be582a sp=0x0000000002a3e2a8 mode 2
Event: 14.116 Thread 0x0000000002a9d800 Uncommon trap: trap_request=0xffffffc6 fr.pc=0x00000000032560b4
Event: 14.116 Thread 0x0000000002a9d800 DEOPT PACKING pc=0x00000000032560b4 sp=0x0000000002a3e300
Event: 14.116 Thread 0x0000000002a9d800 DEOPT UNPACKING pc=0x0000000002be582a sp=0x0000000002a3e2a8 mode 2
Event: 14.116 Thread 0x0000000002a9d800 Uncommon trap: trap_request=0xffffffc6 fr.pc=0x00000000032560b4
Event: 14.116 Thread 0x0000000002a9d800 DEOPT PACKING pc=0x00000000032560b4 sp=0x0000000002a3e300
Event: 14.116 Thread 0x0000000002a9d800 DEOPT UNPACKING pc=0x0000000002be582a sp=0x0000000002a3e2a8 mode 2
Event: 14.116 Thread 0x0000000002a9d800 Uncommon trap: trap_request=0xffffffc6 fr.pc=0x00000000032560b4
Event: 14.116 Thread 0x0000000002a9d800 DEOPT PACKING pc=0x00000000032560b4 sp=0x0000000002a3e300
Event: 14.116 Thread 0x0000000002a9d800 DEOPT UNPACKING pc=0x0000000002be582a sp=0x0000000002a3e2a8 mode 2


Dynamic libraries:
0x00007ff7baa60000 - 0x00007ff7baa97000 	C:\Program Files\Java\jdk1.8.0_60\bin\java.exe
0x00007ffa1c1e0000 - 0x00007ffa1c3b1000 	C:\WINDOWS\SYSTEM32\ntdll.dll
0x00007ffa1b650000 - 0x00007ffa1b6fb000 	C:\WINDOWS\System32\KERNEL32.DLL
0x00007ffa193c0000 - 0x00007ffa195dd000 	C:\WINDOWS\System32\KERNELBASE.dll
0x00007ffa1bb50000 - 0x00007ffa1bbf2000 	C:\WINDOWS\System32\ADVAPI32.dll
0x00007ffa19b80000 - 0x00007ffa19c1e000 	C:\WINDOWS\System32\msvcrt.dll
0x00007ffa199c0000 - 0x00007ffa19a19000 	C:\WINDOWS\System32\sechost.dll
0x00007ffa1b520000 - 0x00007ffa1b641000 	C:\WINDOWS\System32\RPCRT4.dll
0x00007ffa19850000 - 0x00007ffa199b5000 	C:\WINDOWS\System32\USER32.dll
0x00007ffa19010000 - 0x00007ffa1902e000 	C:\WINDOWS\System32\win32u.dll
0x00007ffa19c20000 - 0x00007ffa19c54000 	C:\WINDOWS\System32\GDI32.dll
0x00007ffa19030000 - 0x00007ffa191b2000 	C:\WINDOWS\System32\gdi32full.dll
0x00007ffa14720000 - 0x00007ffa14999000 	C:\WINDOWS\WinSxS\amd64_microsoft.windows.common-controls_6595b64144ccf1df_6.0.14393.447_none_42191651c6827bb3\COMCTL32.dll
0x00007ffa1be10000 - 0x00007ffa1c0d8000 	C:\WINDOWS\System32\combase.dll
0x00007ffa191c0000 - 0x00007ffa192b5000 	C:\WINDOWS\System32\ucrtbase.dll
0x00007ffa195e0000 - 0x00007ffa1964a000 	C:\WINDOWS\System32\bcryptPrimitives.dll
0x00007ffa19750000 - 0x00007ffa1977e000 	C:\WINDOWS\System32\IMM32.DLL
0x00007ffa17510000 - 0x00007ffa17541000 	C:\Windows\system32\nvinitx.dll
0x00007ffa17500000 - 0x00007ffa1750a000 	C:\WINDOWS\SYSTEM32\VERSION.dll
0x000000006bcf0000 - 0x000000006bdc2000 	C:\Program Files\Java\jdk1.8.0_60\jre\bin\msvcr100.dll
0x000000006c0f0000 - 0x000000006c979000 	C:\Program Files\Java\jdk1.8.0_60\jre\bin\server\jvm.dll
0x00007ffa1b510000 - 0x00007ffa1b518000 	C:\WINDOWS\System32\PSAPI.DLL
0x00007ffa0a830000 - 0x00007ffa0a839000 	C:\WINDOWS\SYSTEM32\WSOCK32.dll
0x00007ffa1bc00000 - 0x00007ffa1bc6a000 	C:\WINDOWS\System32\WS2_32.dll
0x00007ffa16a90000 - 0x00007ffa16ab3000 	C:\WINDOWS\SYSTEM32\WINMM.dll
0x00007ffa16a60000 - 0x00007ffa16a8b000 	C:\WINDOWS\SYSTEM32\WINMMBASE.dll
0x00007ffa19650000 - 0x00007ffa19692000 	C:\WINDOWS\System32\cfgmgr32.dll
0x000000006cce0000 - 0x000000006ccef000 	C:\Program Files\Java\jdk1.8.0_60\jre\bin\verify.dll
0x000000006ccb0000 - 0x000000006ccd9000 	C:\Program Files\Java\jdk1.8.0_60\jre\bin\java.dll
0x000000006cc90000 - 0x000000006cca6000 	C:\Program Files\Java\jdk1.8.0_60\jre\bin\zip.dll
0x00007ffa19e80000 - 0x00007ffa1b389000 	C:\WINDOWS\System32\SHELL32.dll
0x00007ffa186b0000 - 0x00007ffa18d8a000 	C:\WINDOWS\System32\windows.storage.dll
0x00007ffa18650000 - 0x00007ffa1869c000 	C:\WINDOWS\System32\powrprof.dll
0x00007ffa19e20000 - 0x00007ffa19e72000 	C:\WINDOWS\System32\shlwapi.dll
0x00007ffa18640000 - 0x00007ffa1864f000 	C:\WINDOWS\System32\kernel.appcore.dll
0x00007ffa196a0000 - 0x00007ffa19749000 	C:\WINDOWS\System32\shcore.dll
0x00007ffa18620000 - 0x00007ffa18634000 	C:\WINDOWS\System32\profapi.dll

VM Arguments:
jvm_args: -Xmx1024M -Dfile.encoding=GBK -Duser.country=CN -Duser.language=zh -Duser.variant 
java_command: com.android.dx.command.Main --dex --output F:\forex\Android\MT4\app\build\intermediates\pre-dexed\debug\classes-0156ecde6d54069baa2dec680a4d2a242e75aee3.jar F:\forex\Android\MT4\app\build\intermediates\exploded-aar\com.android.support\appcompat-v7\22.2.0\jars\classes.jar
java_class_path (initial): D:\android\sdk\build-tools\22.0.1\lib\dx.jar
Launcher Type: SUN_STANDARD

Environment Variables:
JAVA_HOME=C:\Program Files\Java\jdk1.8.0_60
CLASSPATH=.;C:\Program Files\Java\jdk1.8.0_60\lib\tools.jar;C:\Program Files\Java\jdk1.8.0_60\lib\dt.jar;C:\Program Files\Java\jdk1.8.0_60\bin;
PATH=%JAVA_HOME%\bin;%JAVA_HOME%\jre\bin;C:\ProgramData\Oracle\Java\javapath;C:\WINDOWS\system32;C:\WINDOWS;C:\WINDOWS\System32\Wbem;C:\WINDOWS\System32\WindowsPowerShell\v1.0\;C:\Program Files (x86)\Microsoft SQL Server\100\Tools\Binn\;C:\Program Files\Microsoft SQL Server\100\Tools\Binn\;C:\Program Files\Microsoft SQL Server\100\DTS\Binn\;C:\Program Files\Microsoft SQL Server\110\Tools\Binn\;D:\Program Files (x86)\ArcGIS\ArcSDE\sqlexe\bin;C:\Program Files (x86)\Windows Kits\8.1\Windows Performance Toolkit\;C:\Program Files (x86)\Microsoft SDKs\TypeScript\1.0\;C:\Program Files (x86)\Microsoft SQL Server\100\Tools\Binn\VSShell\Common7\IDE\;C:\Program Files (x86)\Microsoft SQL Server\100\DTS\Binn\;E:\Project\OceanSys\2016\code\NetCDF.Win32.for.CVF.IVF\bin;C:\Python27;C:\Python27\Scripts;d:\Program Files (x86)\Anaconda3_2;d:\Program Files (x86)\Anaconda3\Scripts_2;d:\Program Files (x86)\Anaconda3\Library\bin_2;C:\WINDOWS\system32\config\systemprofile\.dnx\bin;C:\Program Files\Microsoft DNX\Dnvm\;C:\Users\ASUS\AppData\Local\Microsoft\WindowsApps;
USERNAME=ASUS
OS=Windows_NT
PROCESSOR_IDENTIFIER=Intel64 Family 6 Model 69 Stepping 1, GenuineIntel



---------------  S Y S T E M  ---------------

OS: Windows 10.0 , 64 bit Build 14393 (10.0.14393.0)

CPU:total 4 (2 cores per cpu, 2 threads per core) family 6 model 69 stepping 1, cmov, cx8, fxsr, mmx, sse, sse2, sse3, ssse3, sse4.1, sse4.2, popcnt, avx, avx2, aes, clmul, erms, lzcnt, ht, tsc, tscinvbit, bmi1, bmi2

Memory: 4k page, physical 4074900k(498932k free), swap 4074900k(5476k free)

vm_info: Java HotSpot(TM) 64-Bit Server VM (25.60-b23) for windows-amd64 JRE (1.8.0_60-b27), built on Aug  4 2015 11:06:27 by "java_re" with MS VC++ 10.0 (VS2010)

time: Fri Jan 20 18:51:28 2017
elapsed time: 14 seconds (0d 0h 0m 14s)

