#
# There is insufficient memory for the Java Runtime Environment to continue.
# Native memory allocation (malloc) failed to allocate 1048576 bytes for AllocateHeap
# Possible reasons:
#   The system is out of physical RAM or swap space
#   In 32 bit mode, the process size limit was hit
# Possible solutions:
#   Reduce memory load on the system
#   Increase physical memory or swap space
#   Check if swap backing store is full
#   Use 64 bit Java on a 64 bit OS
#   Decrease Java heap size (-Xmx/-Xms)
#   Decrease number of Java threads
#   Decrease Java thread stack sizes (-Xss)
#   Set larger code cache with -XX:ReservedCodeCacheSize=
# This output file may be truncated or incomplete.
#
#  Out of Memory Error (memory/allocation.inline.hpp:61), pid=7160, tid=6912
#
# JRE version:  (8.0_60-b27) (build )
# Java VM: Java HotSpot(TM) 64-Bit Server VM (25.60-b23 mixed mode windows-amd64 compressed oops)
# Failed to write core dump. Minidumps are not enabled by default on client versions of Windows
#

---------------  T H R E A D  ---------------

Current thread (0x0000000002c6d800):  JavaThread "Unknown thread" [_thread_in_vm, id=6912, stack(0x0000000001290000,0x0000000001390000)]

Stack: [0x0000000001290000,0x0000000001390000]
[error occurred during error reporting (printing stack bounds), id 0xc0000005]

Native frames: (J=compiled Java code, j=interpreted, Vv=VM code, C=native code)


---------------  P R O C E S S  ---------------

Java Threads: ( => current thread )

Other Threads:

=>0x0000000002c6d800 (exited) JavaThread "Unknown thread" [_thread_in_vm, id=6912, stack(0x0000000001290000,0x0000000001390000)]

VM state:not at safepoint (normal execution)

VM Mutex/Monitor currently owned by a thread: None

Heap:
 PSYoungGen      total 18944K, used 327K [0x00000000eab00000, 0x00000000ec000000, 0x0000000100000000)
  eden space 16384K, 2% used [0x00000000eab00000,0x00000000eab51ec8,0x00000000ebb00000)
  from space 2560K, 0% used [0x00000000ebd80000,0x00000000ebd80000,0x00000000ec000000)
  to   space 2560K, 0% used [0x00000000ebb00000,0x00000000ebb00000,0x00000000ebd80000)
 ParOldGen       total 44032K, used 0K [0x00000000c0000000, 0x00000000c2b00000, 0x00000000eab00000)
  object space 44032K, 0% used [0x00000000c0000000,0x00000000c0000000,0x00000000c2b00000)
 Metaspace       used 767K, capacity 4480K, committed 4480K, reserved 1056768K
  class space    used 75K, capacity 384K, committed 384K, reserved 1048576K

Card table byte_map: [0x0000000012390000,0x00000000125a0000] byte_map_base: 0x0000000011d90000

Marking Bits: (ParMarkBitMap*) 0x000000006c8fa5b0
 Begin Bits: [0x0000000012b00000, 0x0000000013b00000)
 End Bits:   [0x0000000013b00000, 0x0000000014b00000)

Polling page: 0x0000000000f70000

CodeCache: size=245760Kb used=328Kb max_used=328Kb free=245431Kb
 bounds [0x0000000002fd0000, 0x0000000003240000, 0x0000000011fd0000]
 total_blobs=57 nmethods=0 adapters=37
 compilation: enabled

Compilation events (0 events):
No events

GC Heap History (0 events):
No events

Deoptimization events (0 events):
No events

Internal exceptions (0 events):
No events

Events (10 events):
Event: 0.060 loading class java/lang/Short
Event: 0.060 loading class java/lang/Short done
Event: 0.060 loading class java/lang/Integer
Event: 0.060 loading class java/lang/Integer done
Event: 0.060 loading class java/lang/Long
Event: 0.060 loading class java/lang/Long done
Event: 0.061 loading class java/lang/NullPointerException
Event: 0.061 loading class java/lang/NullPointerException done
Event: 0.061 loading class java/lang/ArithmeticException
Event: 0.061 loading class java/lang/ArithmeticException done


Dynamic libraries:
0x00007ff7baa60000 - 0x00007ff7baa97000 	C:\Program Files\Java\jdk1.8.0_60\bin\java.exe
0x00007ffa1c1e0000 - 0x00007ffa1c3b1000 	C:\WINDOWS\SYSTEM32\ntdll.dll
0x00007ffa1b650000 - 0x00007ffa1b6fb000 	C:\WINDOWS\System32\KERNEL32.DLL
0x00007ffa193c0000 - 0x00007ffa195dd000 	C:\WINDOWS\System32\KERNELBASE.dll
0x00007ffa1bb50000 - 0x00007ffa1bbf2000 	C:\WINDOWS\System32\ADVAPI32.dll
0x00007ffa19b80000 - 0x00007ffa19c1e000 	C:\WINDOWS\System32\msvcrt.dll
0x00007ffa199c0000 - 0x00007ffa19a19000 	C:\WINDOWS\System32\sechost.dll
0x00007ffa1b520000 - 0x00007ffa1b641000 	C:\WINDOWS\System32\RPCRT4.dll
0x00007ffa19850000 - 0x00007ffa199b5000 	C:\WINDOWS\System32\USER32.dll
0x00007ffa19010000 - 0x00007ffa1902e000 	C:\WINDOWS\System32\win32u.dll
0x00007ffa19c20000 - 0x00007ffa19c54000 	C:\WINDOWS\System32\GDI32.dll
0x00007ffa19030000 - 0x00007ffa191b2000 	C:\WINDOWS\System32\gdi32full.dll
0x00007ffa14720000 - 0x00007ffa14999000 	C:\WINDOWS\WinSxS\amd64_microsoft.windows.common-controls_6595b64144ccf1df_6.0.14393.447_none_42191651c6827bb3\COMCTL32.dll
0x00007ffa1be10000 - 0x00007ffa1c0d8000 	C:\WINDOWS\System32\combase.dll
0x00007ffa191c0000 - 0x00007ffa192b5000 	C:\WINDOWS\System32\ucrtbase.dll
0x00007ffa195e0000 - 0x00007ffa1964a000 	C:\WINDOWS\System32\bcryptPrimitives.dll
0x00007ffa19750000 - 0x00007ffa1977e000 	C:\WINDOWS\System32\IMM32.DLL
0x00007ffa17510000 - 0x00007ffa17541000 	C:\Windows\system32\nvinitx.dll
0x00007ffa17500000 - 0x00007ffa1750a000 	C:\WINDOWS\SYSTEM32\VERSION.dll
0x000000006bcf0000 - 0x000000006bdc2000 	C:\Program Files\Java\jdk1.8.0_60\jre\bin\msvcr100.dll
0x000000006c0f0000 - 0x000000006c979000 	C:\Program Files\Java\jdk1.8.0_60\jre\bin\server\jvm.dll
0x00007ffa1b510000 - 0x00007ffa1b518000 	C:\WINDOWS\System32\PSAPI.DLL
0x00007ffa0a830000 - 0x00007ffa0a839000 	C:\WINDOWS\SYSTEM32\WSOCK32.dll
0x00007ffa1bc00000 - 0x00007ffa1bc6a000 	C:\WINDOWS\System32\WS2_32.dll
0x00007ffa16a90000 - 0x00007ffa16ab3000 	C:\WINDOWS\SYSTEM32\WINMM.dll
0x00007ffa16a60000 - 0x00007ffa16a8b000 	C:\WINDOWS\SYSTEM32\WINMMBASE.dll
0x00007ffa19650000 - 0x00007ffa19692000 	C:\WINDOWS\System32\cfgmgr32.dll
0x000000006cce0000 - 0x000000006ccef000 	C:\Program Files\Java\jdk1.8.0_60\jre\bin\verify.dll
0x000000006ccb0000 - 0x000000006ccd9000 	C:\Program Files\Java\jdk1.8.0_60\jre\bin\java.dll
0x000000006cc90000 - 0x000000006cca6000 	C:\Program Files\Java\jdk1.8.0_60\jre\bin\zip.dll

VM Arguments:
jvm_args: -Xmx1024M -Dfile.encoding=GBK -Duser.country=CN -Duser.language=zh -Duser.variant 
java_command: com.android.dx.command.Main --dex --output F:\forex\Android\MT4\app\build\intermediates\pre-dexed\debug\support-annotations-22.2.0-d4c58ed9120493e598d0bbe5a3d7ba4e40f031b2.jar D:\android\sdk\extras\android\m2repository\com\android\support\support-annotations\22.2.0\support-annotations-22.2.0.jar
java_class_path (initial): D:\android\sdk\build-tools\22.0.1\lib\dx.jar
Launcher Type: SUN_STANDARD

Environment Variables:
JAVA_HOME=C:\Program Files\Java\jdk1.8.0_60
CLASSPATH=.;C:\Program Files\Java\jdk1.8.0_60\lib\tools.jar;C:\Program Files\Java\jdk1.8.0_60\lib\dt.jar;C:\Program Files\Java\jdk1.8.0_60\bin;
PATH=%JAVA_HOME%\bin;%JAVA_HOME%\jre\bin;C:\ProgramData\Oracle\Java\javapath;C:\WINDOWS\system32;C:\WINDOWS;C:\WINDOWS\System32\Wbem;C:\WINDOWS\System32\WindowsPowerShell\v1.0\;C:\Program Files (x86)\Microsoft SQL Server\100\Tools\Binn\;C:\Program Files\Microsoft SQL Server\100\Tools\Binn\;C:\Program Files\Microsoft SQL Server\100\DTS\Binn\;C:\Program Files\Microsoft SQL Server\110\Tools\Binn\;D:\Program Files (x86)\ArcGIS\ArcSDE\sqlexe\bin;C:\Program Files (x86)\Windows Kits\8.1\Windows Performance Toolkit\;C:\Program Files (x86)\Microsoft SDKs\TypeScript\1.0\;C:\Program Files (x86)\Microsoft SQL Server\100\Tools\Binn\VSShell\Common7\IDE\;C:\Program Files (x86)\Microsoft SQL Server\100\DTS\Binn\;E:\Project\OceanSys\2016\code\NetCDF.Win32.for.CVF.IVF\bin;C:\Python27;C:\Python27\Scripts;d:\Program Files (x86)\Anaconda3_2;d:\Program Files (x86)\Anaconda3\Scripts_2;d:\Program Files (x86)\Anaconda3\Library\bin_2;C:\WINDOWS\system32\config\systemprofile\.dnx\bin;C:\Program Files\Microsoft DNX\Dnvm\;C:\Users\ASUS\AppData\Local\Microsoft\WindowsApps;
USERNAME=ASUS
OS=Windows_NT
PROCESSOR_IDENTIFIER=Intel64 Family 6 Model 69 Stepping 1, GenuineIntel



---------------  S Y S T E M  ---------------

OS: Windows 10.0 , 64 bit Build 14393 (10.0.14393.0)

CPU:total 4 (2 cores per cpu, 2 threads per core) family 6 model 69 stepping 1, cmov, cx8, fxsr, mmx, sse, sse2, sse3, ssse3, sse4.1, sse4.2, popcnt, avx, avx2, aes, clmul, erms, lzcnt, ht, tsc, tscinvbit, bmi1, bmi2

Memory: 4k page, physical 4074900k(574088k free), swap 4074900k(32732k free)

vm_info: Java HotSpot(TM) 64-Bit Server VM (25.60-b23) for windows-amd64 JRE (1.8.0_60-b27), built on Aug  4 2015 11:06:27 by "java_re" with MS VC++ 10.0 (VS2010)

time: Fri Jan 20 18:49:52 2017
elapsed time: 0 seconds (0d 0h 0m 0s)

